2025-04-12 10:23:48 [INFO] 遊戲啟動
2025-04-12 10:23:48 [INFO] 成功載入配置文件
2025-04-12 10:23:48 [INFO] 開始執行自動化程序...
2025-04-12 10:23:49 [INFO] 檢測圖片 MyCAREER - 分數: 0.939 - 閾值: 1.000
2025-04-12 10:23:49 [INFO] 檢測圖片 MyTEAM - 分數: 0.950 - 閾值: 1.000
2025-04-12 10:23:50 [INFO] 檢測圖片 daily_reward - 分數: 0.905 - 閾值: 1.000
2025-04-12 10:23:50 [INFO] 檢測圖片 new_content - 分數: 0.924 - 閾值: 1.000
2025-04-12 10:23:51 [INFO] 檢測圖片 domination_btn - 分數: 0.930 - 閾值: 1.000
2025-04-12 10:23:52 [INFO] 檢測圖片 select - 分數: 0.940 - 閾值: 0.993
2025-04-12 10:23:52 [INFO] 檢測圖片 stars - 分數: 0.927 - 閾值: 0.990
2025-04-12 10:23:53 [INFO] 檢測圖片 stars2 - 分數: 0.931 - 閾值: 0.990
2025-04-12 10:23:53 [INFO] 檢測圖片 stars3 - 分數: 0.926 - 閾值: 0.994
2025-04-12 10:23:54 [INFO] 檢測圖片 stars4 - 分數: 0.921 - 閾值: 0.994
2025-04-12 10:23:54 [INFO] 檢測圖片 full_of_stars - 分數: 0.931 - 閾值: 0.995
2025-04-12 10:23:55 [INFO] 檢測圖片 forward - 分數: 0.957 - 閾值: 1.000
2025-04-12 10:23:56 [INFO] 檢測圖片 continue - 分數: 0.911 - 閾值: 1.000
2025-04-12 10:23:58 [INFO] 檢測圖片 MyCAREER - 分數: 0.939 - 閾值: 1.000
2025-04-12 10:23:58 [INFO] 檢測圖片 MyTEAM - 分數: 0.950 - 閾值: 1.000
2025-04-12 10:23:59 [INFO] 檢測圖片 daily_reward - 分數: 0.905 - 閾值: 1.000
2025-04-12 10:23:59 [INFO] 檢測圖片 new_content - 分數: 0.924 - 閾值: 1.000
2025-04-12 10:24:00 [INFO] 檢測圖片 domination_btn - 分數: 0.984 - 閾值: 1.000
2025-04-12 10:24:01 [INFO] 檢測圖片 select - 分數: 0.942 - 閾值: 0.993
2025-04-12 10:24:01 [INFO] 檢測圖片 stars - 分數: 0.925 - 閾值: 0.990
2025-04-12 10:24:02 [INFO] 檢測圖片 stars2 - 分數: 0.928 - 閾值: 0.990
2025-04-12 10:24:02 [INFO] 檢測圖片 stars3 - 分數: 0.926 - 閾值: 0.994
2025-04-12 10:24:03 [INFO] 檢測圖片 stars4 - 分數: 0.921 - 閾值: 0.994
2025-04-12 10:24:03 [INFO] 檢測圖片 full_of_stars - 分數: 0.931 - 閾值: 0.995
2025-04-12 10:24:04 [INFO] 檢測圖片 forward - 分數: 0.957 - 閾值: 1.000
2025-04-12 10:24:05 [INFO] 檢測圖片 continue - 分數: 0.923 - 閾值: 1.000
2025-04-12 10:24:07 [INFO] 檢測圖片 MyCAREER - 分數: 0.939 - 閾值: 1.000
2025-04-12 10:24:08 [INFO] 檢測圖片 MyTEAM - 分數: 0.950 - 閾值: 1.000
2025-04-12 10:24:08 [INFO] 檢測圖片 daily_reward - 分數: 0.905 - 閾值: 1.000
2025-04-12 10:24:08 [INFO] 檢測圖片 new_content - 分數: 0.924 - 閾值: 1.000
2025-04-12 10:24:09 [INFO] 檢測圖片 domination_btn - 分數: 1.000 - 閾值: 1.000
2025-04-12 10:24:09 [INFO] 檢測到稱霸賽按鈕
2025-04-12 10:24:11 [INFO] 檢查滿星...
2025-04-12 10:24:11 [INFO] 檢測圖片 full_of_stars - 分數: 1.000 - 閾值: 0.995
2025-04-12 10:24:11 [INFO] 找到滿星！按D鍵切換
2025-04-12 10:24:13 [INFO] 檢測圖片 full_of_stars - 分數: 0.982 - 閾值: 0.995
2025-04-12 10:24:13 [INFO] 第1次未找到滿星，繼續嘗試...
2025-04-12 10:24:14 [INFO] 
使用者中止程式
2025-04-12 10:24:14 [INFO] 程式結束
