2025-04-12 09:41:48 [INFO] 遊戲啟動
2025-04-12 09:41:48 [INFO] 成功載入配置文件
2025-04-12 09:41:48 [INFO] 開始執行自動化程序...
2025-04-12 09:41:49 [INFO] 檢測圖片 MyCAREER - 分數: 0.961 - 閾值: 1.000
2025-04-12 09:41:49 [INFO] 檢測圖片 MyTEAM - 分數: 0.972 - 閾值: 1.000
2025-04-12 09:41:50 [INFO] 檢測圖片 new_content - 分數: 1.000 - 閾值: 1.000
2025-04-12 09:41:50 [INFO] 檢測到全新內容
2025-04-12 09:41:54 [INFO] 檢測圖片 MyCAREER - 分數: 0.939 - 閾值: 1.000
2025-04-12 09:41:54 [INFO] 檢測圖片 MyTEAM - 分數: 0.950 - 閾值: 1.000
2025-04-12 09:41:55 [INFO] 檢測圖片 daily_reward - 分數: 0.905 - 閾值: 1.000
2025-04-12 09:41:55 [INFO] 檢測圖片 new_content - 分數: 0.924 - 閾值: 1.000
2025-04-12 09:41:56 [INFO] 檢測圖片 domination_btn - 分數: 1.000 - 閾值: 1.000
2025-04-12 09:41:56 [INFO] 檢測到稱霸賽按鈕
2025-04-12 09:41:59 [INFO] 檢查滿星...
2025-04-12 09:42:00 [INFO] 檢測圖片 full_of_stars - 分數: 1.000 - 閾值: 0.999
2025-04-12 09:42:00 [INFO] 找到滿星！按D鍵切換
2025-04-12 09:42:01 [INFO] 檢測圖片 select - 分數: 0.994 - 閾值: 0.993
2025-04-12 09:42:01 [INFO] 檢測到選擇按鈕
2025-04-12 09:42:02 [INFO] === 開始三星搜尋 ===
2025-04-12 09:42:02 [INFO] 
第 1 次搜尋開始...
2025-04-12 09:42:02 [INFO] 按左鍵
2025-04-12 09:42:03 [INFO] 檢查三星...
2025-04-12 09:42:03 [INFO] 檢測圖片 stars - 分數: 0.915 - 閾值: 0.990
2025-04-12 09:42:04 [INFO] 檢測圖片 stars2 - 分數: 0.955 - 閾值: 0.990
2025-04-12 09:42:04 [INFO] 檢測圖片 stars3 - 分數: 0.981 - 閾值: 0.994
2025-04-12 09:42:05 [INFO] 檢測圖片 stars4 - 分數: 0.979 - 閾值: 0.994
2025-04-12 09:42:05 [INFO] 按W鍵
2025-04-12 09:42:07 [INFO] 檢查三星...
2025-04-12 09:42:08 [INFO] 檢測圖片 stars - 分數: 0.967 - 閾值: 0.990
2025-04-12 09:42:08 [INFO] 檢測圖片 stars2 - 分數: 0.961 - 閾值: 0.990
2025-04-12 09:42:09 [INFO] 檢測圖片 stars3 - 分數: 0.992 - 閾值: 0.994
2025-04-12 09:42:09 [INFO] 檢測圖片 stars4 - 分數: 0.976 - 閾值: 0.994
2025-04-12 09:42:09 [INFO] 按S鍵
2025-04-12 09:42:09 [INFO] 按5次按鍵並檢查三星
2025-04-12 09:42:10 [INFO] 檢查三星...
2025-04-12 09:42:11 [INFO] 檢測圖片 stars - 分數: 0.968 - 閾值: 0.990
2025-04-12 09:42:11 [INFO] 檢測圖片 stars2 - 分數: 0.961 - 閾值: 0.990
2025-04-12 09:42:12 [INFO] 檢測圖片 stars3 - 分數: 0.990 - 閾值: 0.994
2025-04-12 09:42:12 [INFO] 檢測圖片 stars4 - 分數: 0.978 - 閾值: 0.994
2025-04-12 09:42:13 [INFO] 檢查三星...
2025-04-12 09:42:13 [INFO] 檢測圖片 stars - 分數: 0.969 - 閾值: 0.990
2025-04-12 09:42:14 [INFO] 檢測圖片 stars2 - 分數: 0.961 - 閾值: 0.990
2025-04-12 09:42:15 [INFO] 檢測圖片 stars3 - 分數: 0.988 - 閾值: 0.994
2025-04-12 09:42:15 [INFO] 檢測圖片 stars4 - 分數: 0.979 - 閾值: 0.994
2025-04-12 09:42:16 [INFO] 檢查三星...
2025-04-12 09:42:16 [INFO] 檢測圖片 stars - 分數: 0.968 - 閾值: 0.990
2025-04-12 09:42:17 [INFO] 檢測圖片 stars2 - 分數: 0.958 - 閾值: 0.990
2025-04-12 09:42:17 [INFO] 檢測圖片 stars3 - 分數: 0.983 - 閾值: 0.994
2025-04-12 09:42:18 [INFO] 檢測圖片 stars4 - 分數: 0.980 - 閾值: 0.994
2025-04-12 09:42:19 [INFO] 檢查三星...
2025-04-12 09:42:19 [INFO] 檢測圖片 stars - 分數: 0.967 - 閾值: 0.990
2025-04-12 09:42:20 [INFO] 檢測圖片 stars2 - 分數: 0.955 - 閾值: 0.990
2025-04-12 09:42:20 [INFO] 檢測圖片 stars3 - 分數: 0.981 - 閾值: 0.994
2025-04-12 09:42:21 [INFO] 檢測圖片 stars4 - 分數: 0.979 - 閾值: 0.994
2025-04-12 09:42:21 [INFO] 檢查三星...
2025-04-12 09:42:22 [INFO] 檢測圖片 stars - 分數: 0.967 - 閾值: 0.990
2025-04-12 09:42:22 [INFO] 檢測圖片 stars2 - 分數: 0.955 - 閾值: 0.990
2025-04-12 09:42:23 [INFO] 檢測圖片 stars3 - 分數: 0.981 - 閾值: 0.994
2025-04-12 09:42:23 [INFO] 檢測圖片 stars4 - 分數: 0.979 - 閾值: 0.994
2025-04-12 09:42:23 [INFO] 按右鍵
2025-04-12 09:42:24 [INFO] 檢查三星...
2025-04-12 09:42:24 [INFO] 檢測圖片 stars - 分數: 0.929 - 閾值: 0.990
2025-04-12 09:42:25 [INFO] 檢測圖片 stars2 - 分數: 0.967 - 閾值: 0.990
2025-04-12 09:42:25 [INFO] 檢測圖片 stars3 - 分數: 0.977 - 閾值: 0.994
2025-04-12 09:42:26 [INFO] 檢測圖片 stars4 - 分數: 0.962 - 閾值: 0.994
2025-04-12 09:42:26 [INFO] 按W鍵
2025-04-12 09:42:28 [INFO] 檢查三星...
2025-04-12 09:42:29 [INFO] 檢測圖片 stars - 分數: 0.958 - 閾值: 0.990
2025-04-12 09:42:29 [INFO] 檢測圖片 stars2 - 分數: 0.967 - 閾值: 0.990
2025-04-12 09:42:30 [INFO] 檢測圖片 stars3 - 分數: 0.979 - 閾值: 0.994
2025-04-12 09:42:30 [INFO] 檢測圖片 stars4 - 分數: 0.963 - 閾值: 0.994
2025-04-12 09:42:30 [INFO] 按S鍵
2025-04-12 09:42:30 [INFO] 按5次按鍵並檢查三星
2025-04-12 09:42:31 [INFO] 檢查三星...
2025-04-12 09:42:32 [INFO] 檢測圖片 stars - 分數: 0.959 - 閾值: 0.990
2025-04-12 09:42:32 [INFO] 檢測圖片 stars2 - 分數: 0.973 - 閾值: 0.990
2025-04-12 09:42:33 [INFO] 檢測圖片 stars3 - 分數: 0.979 - 閾值: 0.994
2025-04-12 09:42:33 [INFO] 檢測圖片 stars4 - 分數: 0.964 - 閾值: 0.994
2025-04-12 09:42:34 [INFO] 檢查三星...
2025-04-12 09:42:34 [INFO] 檢測圖片 stars - 分數: 0.957 - 閾值: 0.990
2025-04-12 09:42:35 [INFO] 檢測圖片 stars2 - 分數: 0.967 - 閾值: 0.990
2025-04-12 09:42:35 [INFO] 檢測圖片 stars3 - 分數: 0.977 - 閾值: 0.994
2025-04-12 09:42:36 [INFO] 檢測圖片 stars4 - 分數: 0.962 - 閾值: 0.994
2025-04-12 09:42:37 [INFO] 檢查三星...
2025-04-12 09:42:37 [INFO] 檢測圖片 stars - 分數: 0.957 - 閾值: 0.990
2025-04-12 09:42:38 [INFO] 檢測圖片 stars2 - 分數: 0.967 - 閾值: 0.990
2025-04-12 09:42:38 [INFO] 檢測圖片 stars3 - 分數: 0.977 - 閾值: 0.994
2025-04-12 09:42:39 [INFO] 檢測圖片 stars4 - 分數: 0.962 - 閾值: 0.994
2025-04-12 09:42:39 [INFO] 檢查三星...
2025-04-12 09:42:40 [INFO] 檢測圖片 stars - 分數: 0.957 - 閾值: 0.990
2025-04-12 09:42:40 [INFO] 檢測圖片 stars2 - 分數: 0.967 - 閾值: 0.990
2025-04-12 09:42:41 [INFO] 檢測圖片 stars3 - 分數: 0.977 - 閾值: 0.994
2025-04-12 09:42:41 [INFO] 檢測圖片 stars4 - 分數: 0.962 - 閾值: 0.994
2025-04-12 09:42:42 [INFO] 檢查三星...
2025-04-12 09:42:42 [INFO] 檢測圖片 stars - 分數: 0.957 - 閾值: 0.990
2025-04-12 09:42:43 [INFO] 檢測圖片 stars2 - 分數: 0.967 - 閾值: 0.990
2025-04-12 09:42:43 [INFO] 檢測圖片 stars3 - 分數: 0.977 - 閾值: 0.994
2025-04-12 09:42:44 [INFO] 檢測圖片 stars4 - 分數: 0.962 - 閾值: 0.994
2025-04-12 09:42:44 [INFO] 檢查三星...
2025-04-12 09:42:44 [INFO] 檢測圖片 stars - 分數: 0.957 - 閾值: 0.990
2025-04-12 09:42:45 [INFO] 檢測圖片 stars2 - 分數: 0.967 - 閾值: 0.990
2025-04-12 09:42:46 [INFO] 檢測圖片 stars3 - 分數: 0.977 - 閾值: 0.994
2025-04-12 09:42:46 [INFO] 檢測圖片 stars4 - 分數: 0.962 - 閾值: 0.994
2025-04-12 09:42:46 [INFO] 本次搜尋失敗
2025-04-12 09:42:46 [INFO] 等待0.5秒
2025-04-12 09:42:47 [INFO] 
第 2 次搜尋開始...
2025-04-12 09:42:47 [INFO] 按左鍵
2025-04-12 09:42:47 [INFO] 檢查三星...
2025-04-12 09:42:48 [INFO] 檢測圖片 stars - 分數: 0.915 - 閾值: 0.990
2025-04-12 09:42:48 [INFO] 檢測圖片 stars2 - 分數: 0.955 - 閾值: 0.990
2025-04-12 09:42:49 [INFO] 檢測圖片 stars3 - 分數: 0.981 - 閾值: 0.994
2025-04-12 09:42:49 [INFO] 檢測圖片 stars4 - 分數: 0.979 - 閾值: 0.994
2025-04-12 09:42:49 [INFO] 按W鍵
2025-04-12 09:42:52 [INFO] 檢查三星...
2025-04-12 09:42:52 [INFO] 檢測圖片 stars - 分數: 0.967 - 閾值: 0.990
2025-04-12 09:42:53 [INFO] 檢測圖片 stars2 - 分數: 0.961 - 閾值: 0.990
2025-04-12 09:42:53 [INFO] 檢測圖片 stars3 - 分數: 0.992 - 閾值: 0.994
2025-04-12 09:42:54 [INFO] 檢測圖片 stars4 - 分數: 0.976 - 閾值: 0.994
2025-04-12 09:42:54 [INFO] 按S鍵
2025-04-12 09:42:54 [INFO] 按5次按鍵並檢查三星
2025-04-12 09:42:54 [INFO] 檢查三星...
2025-04-12 09:42:55 [INFO] 檢測圖片 stars - 分數: 0.968 - 閾值: 0.990
2025-04-12 09:42:55 [INFO] 檢測圖片 stars2 - 分數: 0.961 - 閾值: 0.990
2025-04-12 09:42:56 [INFO] 檢測圖片 stars3 - 分數: 0.990 - 閾值: 0.994
2025-04-12 09:42:56 [INFO] 檢測圖片 stars4 - 分數: 0.978 - 閾值: 0.994
2025-04-12 09:42:57 [INFO] 檢查三星...
2025-04-12 09:42:58 [INFO] 檢測圖片 stars - 分數: 0.969 - 閾值: 0.990
2025-04-12 09:42:58 [INFO] 檢測圖片 stars2 - 分數: 0.961 - 閾值: 0.990
2025-04-12 09:42:59 [INFO] 檢測圖片 stars3 - 分數: 0.988 - 閾值: 0.994
2025-04-12 09:42:59 [INFO] 檢測圖片 stars4 - 分數: 0.979 - 閾值: 0.994
2025-04-12 09:43:00 [INFO] 檢查三星...
2025-04-12 09:43:00 [INFO] 檢測圖片 stars - 分數: 0.968 - 閾值: 0.990
2025-04-12 09:43:01 [INFO] 檢測圖片 stars2 - 分數: 0.958 - 閾值: 0.990
2025-04-12 09:43:01 [INFO] 檢測圖片 stars3 - 分數: 0.983 - 閾值: 0.994
2025-04-12 09:43:02 [INFO] 檢測圖片 stars4 - 分數: 0.980 - 閾值: 0.994
2025-04-12 09:43:03 [INFO] 檢查三星...
2025-04-12 09:43:03 [INFO] 檢測圖片 stars - 分數: 0.967 - 閾值: 0.990
2025-04-12 09:43:04 [INFO] 檢測圖片 stars2 - 分數: 0.955 - 閾值: 0.990
2025-04-12 09:43:04 [INFO] 檢測圖片 stars3 - 分數: 0.981 - 閾值: 0.994
2025-04-12 09:43:05 [INFO] 檢測圖片 stars4 - 分數: 0.979 - 閾值: 0.994
2025-04-12 09:43:05 [INFO] 檢查三星...
2025-04-12 09:43:06 [INFO] 檢測圖片 stars - 分數: 0.967 - 閾值: 0.990
2025-04-12 09:43:06 [INFO] 檢測圖片 stars2 - 分數: 0.955 - 閾值: 0.990
2025-04-12 09:43:07 [INFO] 檢測圖片 stars3 - 分數: 0.981 - 閾值: 0.994
2025-04-12 09:43:07 [INFO] 檢測圖片 stars4 - 分數: 0.979 - 閾值: 0.994
2025-04-12 09:43:07 [INFO] 按右鍵
2025-04-12 09:43:08 [INFO] 檢查三星...
2025-04-12 09:43:08 [INFO] 檢測圖片 stars - 分數: 0.906 - 閾值: 0.990
2025-04-12 09:43:09 [INFO] 檢測圖片 stars2 - 分數: 0.967 - 閾值: 0.990
2025-04-12 09:43:09 [INFO] 檢測圖片 stars3 - 分數: 0.977 - 閾值: 0.994
2025-04-12 09:43:10 [INFO] 檢測圖片 stars4 - 分數: 0.962 - 閾值: 0.994
2025-04-12 09:43:10 [INFO] 按W鍵
2025-04-12 09:43:12 [INFO] 檢查三星...
2025-04-12 09:43:13 [INFO] 檢測圖片 stars - 分數: 0.958 - 閾值: 0.990
2025-04-12 09:43:13 [INFO] 檢測圖片 stars2 - 分數: 0.967 - 閾值: 0.990
2025-04-12 09:43:14 [INFO] 檢測圖片 stars3 - 分數: 0.979 - 閾值: 0.994
2025-04-12 09:43:14 [INFO] 檢測圖片 stars4 - 分數: 0.963 - 閾值: 0.994
2025-04-12 09:43:14 [INFO] 按S鍵
2025-04-12 09:43:14 [INFO] 按5次按鍵並檢查三星
2025-04-12 09:43:15 [INFO] 檢查三星...
2025-04-12 09:43:16 [INFO] 檢測圖片 stars - 分數: 0.959 - 閾值: 0.990
2025-04-12 09:43:16 [INFO] 檢測圖片 stars2 - 分數: 0.973 - 閾值: 0.990
2025-04-12 09:43:17 [INFO] 檢測圖片 stars3 - 分數: 0.979 - 閾值: 0.994
2025-04-12 09:43:17 [INFO] 檢測圖片 stars4 - 分數: 0.964 - 閾值: 0.994
2025-04-12 09:43:18 [INFO] 檢查三星...
2025-04-12 09:43:19 [INFO] 檢測圖片 stars - 分數: 0.957 - 閾值: 0.990
2025-04-12 09:43:19 [INFO] 檢測圖片 stars2 - 分數: 0.967 - 閾值: 0.990
2025-04-12 09:43:20 [INFO] 檢測圖片 stars3 - 分數: 0.977 - 閾值: 0.994
2025-04-12 09:43:20 [INFO] 檢測圖片 stars4 - 分數: 0.962 - 閾值: 0.994
2025-04-12 09:43:21 [INFO] 檢查三星...
2025-04-12 09:43:21 [INFO] 檢測圖片 stars - 分數: 0.957 - 閾值: 0.990
2025-04-12 09:43:22 [INFO] 檢測圖片 stars2 - 分數: 0.967 - 閾值: 0.990
2025-04-12 09:43:22 [INFO] 檢測圖片 stars3 - 分數: 0.977 - 閾值: 0.994
2025-04-12 09:43:23 [INFO] 檢測圖片 stars4 - 分數: 0.962 - 閾值: 0.994
2025-04-12 09:43:24 [INFO] 檢查三星...
2025-04-12 09:43:24 [INFO] 檢測圖片 stars - 分數: 0.957 - 閾值: 0.990
2025-04-12 09:43:25 [INFO] 檢測圖片 stars2 - 分數: 0.967 - 閾值: 0.990
2025-04-12 09:43:25 [INFO] 檢測圖片 stars3 - 分數: 0.977 - 閾值: 0.994
2025-04-12 09:43:26 [INFO] 檢測圖片 stars4 - 分數: 0.962 - 閾值: 0.994
2025-04-12 09:43:26 [INFO] 檢查三星...
2025-04-12 09:43:27 [INFO] 檢測圖片 stars - 分數: 0.957 - 閾值: 0.990
2025-04-12 09:43:27 [INFO] 檢測圖片 stars2 - 分數: 0.967 - 閾值: 0.990
2025-04-12 09:43:28 [INFO] 檢測圖片 stars3 - 分數: 0.977 - 閾值: 0.994
2025-04-12 09:43:28 [INFO] 檢測圖片 stars4 - 分數: 0.962 - 閾值: 0.994
2025-04-12 09:43:28 [INFO] 檢查三星...
2025-04-12 09:43:29 [INFO] 檢測圖片 stars - 分數: 0.957 - 閾值: 0.990
2025-04-12 09:43:29 [INFO] 檢測圖片 stars2 - 分數: 0.967 - 閾值: 0.990
2025-04-12 09:43:30 [INFO] 檢測圖片 stars3 - 分數: 0.977 - 閾值: 0.994
2025-04-12 09:43:30 [INFO] 檢測圖片 stars4 - 分數: 0.962 - 閾值: 0.994
2025-04-12 09:43:30 [INFO] 本次搜尋失敗
2025-04-12 09:43:30 [INFO] 已搜尋2次，準備切換下一個
2025-04-12 09:43:32 [INFO] 重置搜尋次數為0
2025-04-12 09:43:32 [INFO] 等待0.5秒
2025-04-12 09:43:33 [INFO] 
第 1 次搜尋開始...
2025-04-12 09:43:33 [INFO] 按左鍵
2025-04-12 09:43:33 [INFO] 檢查三星...
2025-04-12 09:43:34 [INFO] 檢測圖片 stars - 分數: 0.906 - 閾值: 0.990
2025-04-12 09:43:34 [INFO] 檢測圖片 stars2 - 分數: 0.955 - 閾值: 0.990
2025-04-12 09:43:34 [INFO] 
使用者中止程式
2025-04-12 09:43:34 [INFO] 程式結束
