2025-04-12 10:23:19 [INFO] 遊戲啟動
2025-04-12 10:23:19 [INFO] 成功載入配置文件
2025-04-12 10:23:19 [INFO] 開始執行自動化程序...
2025-04-12 10:23:20 [INFO] 檢測圖片 MyCAREER - 分數: 0.961 - 閾值: 1.000
2025-04-12 10:23:20 [INFO] 檢測圖片 MyTEAM - 分數: 0.972 - 閾值: 1.000
2025-04-12 10:23:21 [INFO] 檢測圖片 daily_reward - 分數: 0.905 - 閾值: 1.000
2025-04-12 10:23:21 [INFO] 檢測圖片 new_content - 分數: 0.934 - 閾值: 1.000
2025-04-12 10:23:25 [INFO] 檢測圖片 stars4 - 分數: 0.985 - 閾值: 0.994
2025-04-12 10:23:25 [INFO] 檢測圖片 full_of_stars - 分數: 0.991 - 閾值: 0.995
2025-04-12 10:23:26 [INFO] 檢測圖片 forward - 分數: 0.954 - 閾值: 1.000
2025-04-12 10:23:27 [INFO] 檢測圖片 pause - 分數: 0.806 - 閾值: 0.900
2025-04-12 10:23:29 [INFO] 檢測圖片 MyCAREER - 分數: 0.939 - 閾值: 1.000
2025-04-12 10:23:30 [INFO] 檢測圖片 MyTEAM - 分數: 0.950 - 閾值: 1.000
2025-04-12 10:23:30 [INFO] 檢測圖片 daily_reward - 分數: 0.905 - 閾值: 1.000
2025-04-12 10:23:31 [INFO] 檢測圖片 new_content - 分數: 0.924 - 閾值: 1.000
2025-04-12 10:23:31 [INFO] 檢測圖片 domination_btn - 分數: 1.000 - 閾值: 1.000
2025-04-12 10:23:32 [INFO] 檢測到稱霸賽按鈕
2025-04-12 10:23:33 [INFO] 檢查滿星...
2025-04-12 10:23:33 [INFO] 檢測圖片 full_of_stars - 分數: 1.000 - 閾值: 0.995
2025-04-12 10:23:34 [INFO] 找到滿星！按D鍵切換
2025-04-12 10:23:36 [INFO] 檢測圖片 full_of_stars - 分數: 0.982 - 閾值: 0.995
2025-04-12 10:23:36 [INFO] 第1次未找到滿星，繼續嘗試...
2025-04-12 10:23:36 [INFO] 檢測圖片 full_of_stars - 分數: 0.982 - 閾值: 0.995
2025-04-12 10:23:36 [INFO] 第2次未找到滿星，繼續嘗試...
2025-04-12 10:23:37 [INFO] 檢測圖片 full_of_stars - 分數: 0.982 - 閾值: 0.995
2025-04-12 10:23:37 [INFO] 完成滿星處理，繼續下一步
2025-04-12 10:23:38 [INFO] 檢測圖片 select - 分數: 1.000 - 閾值: 0.993
2025-04-12 10:23:38 [INFO] 檢測到選擇按鈕
2025-04-12 10:23:38 [INFO] 
使用者中止程式
2025-04-12 10:23:38 [INFO] 程式結束
