2025-04-12 09:56:04 [INFO] 遊戲啟動
2025-04-12 09:56:04 [INFO] 成功載入配置文件
2025-04-12 09:56:04 [INFO] 開始執行自動化程序...
2025-04-12 09:56:04 [INFO] 檢測圖片 MyCAREER - 分數: 0.961 - 閾值: 1.000
2025-04-12 09:56:05 [INFO] 檢測圖片 MyTEAM - 分數: 0.950 - 閾值: 1.000
2025-04-12 09:56:05 [INFO] 檢測圖片 daily_reward - 分數: 0.905 - 閾值: 1.000
2025-04-12 09:56:06 [INFO] 檢測圖片 new_content - 分數: 0.924 - 閾值: 1.000
2025-04-12 09:56:07 [INFO] 檢測圖片 domination_btn - 分數: 1.000 - 閾值: 1.000
2025-04-12 09:56:07 [INFO] 檢測到稱霸賽按鈕
2025-04-12 09:56:10 [INFO] 檢查滿星...
2025-04-12 09:56:10 [INFO] 檢測圖片 full_of_stars - 分數: 1.000 - 閾值: 0.999
2025-04-12 09:56:10 [INFO] 找到滿星！按D鍵切換
2025-04-12 09:56:12 [INFO] 檢測圖片 full_of_stars - 分數: 0.991 - 閾值: 0.999
2025-04-12 09:56:12 [INFO] 第1次未找到滿星，繼續嘗試...
2025-04-12 09:56:12 [INFO] 檢測圖片 full_of_stars - 分數: 0.991 - 閾值: 0.999
2025-04-12 09:56:12 [INFO] 第2次未找到滿星，繼續嘗試...
2025-04-12 09:56:13 [INFO] 檢測圖片 full_of_stars - 分數: 0.991 - 閾值: 0.999
2025-04-12 09:56:13 [INFO] 完成滿星處理，繼續下一步
2025-04-12 09:56:14 [INFO] 
使用者中止程式
2025-04-12 09:56:14 [INFO] 程式結束
