2025-04-12 09:55:02 [INFO] 遊戲啟動
2025-04-12 09:55:02 [INFO] 成功載入配置文件
2025-04-12 09:55:02 [INFO] 開始執行自動化程序...
2025-04-12 09:55:03 [INFO] 檢測圖片 MyCAREER - 分數: 0.939 - 閾值: 1.000
2025-04-12 09:55:03 [INFO] 檢測圖片 MyTEAM - 分數: 0.950 - 閾值: 1.000
2025-04-12 09:55:04 [INFO] 檢測圖片 new_content - 分數: 0.926 - 閾值: 1.000
2025-04-12 09:55:05 [INFO] 檢測圖片 domination_btn - 分數: 0.994 - 閾值: 1.000
2025-04-12 09:55:06 [INFO] 檢測圖片 select - 分數: 0.940 - 閾值: 0.993
2025-04-12 09:55:06 [INFO] 檢測圖片 stars - 分數: 0.927 - 閾值: 0.990
2025-04-12 09:55:07 [INFO] 檢測圖片 stars2 - 分數: 0.931 - 閾值: 0.990
2025-04-12 09:55:07 [INFO] 檢測圖片 stars3 - 分數: 0.926 - 閾值: 0.994
2025-04-12 09:55:08 [INFO] 檢測圖片 stars4 - 分數: 0.921 - 閾值: 0.994
2025-04-12 09:55:08 [INFO] 檢測圖片 full_of_stars - 分數: 0.931 - 閾值: 0.999
2025-04-12 09:55:09 [INFO] 檢測圖片 forward - 分數: 0.957 - 閾值: 1.000
2025-04-12 09:55:10 [INFO] 檢測圖片 continue - 分數: 0.911 - 閾值: 1.000
2025-04-12 09:55:12 [INFO] 檢測圖片 MyCAREER - 分數: 0.939 - 閾值: 1.000
2025-04-12 09:55:13 [INFO] 檢測圖片 MyTEAM - 分數: 0.950 - 閾值: 1.000
2025-04-12 09:55:13 [INFO] 檢測圖片 daily_reward - 分數: 0.905 - 閾值: 1.000
2025-04-12 09:55:14 [INFO] 檢測圖片 new_content - 分數: 0.924 - 閾值: 1.000
2025-04-12 09:55:14 [INFO] 檢測圖片 domination_btn - 分數: 0.930 - 閾值: 1.000
2025-04-12 09:55:15 [INFO] 檢測圖片 select - 分數: 0.940 - 閾值: 0.993
2025-04-12 09:55:15 [INFO] 檢測圖片 stars - 分數: 0.927 - 閾值: 0.990
2025-04-12 09:55:16 [INFO] 檢測圖片 stars2 - 分數: 0.931 - 閾值: 0.990
2025-04-12 09:55:16 [INFO] 檢測圖片 stars3 - 分數: 0.926 - 閾值: 0.994
2025-04-12 09:55:17 [INFO] 檢測圖片 stars4 - 分數: 0.921 - 閾值: 0.994
2025-04-12 09:55:17 [INFO] 檢測圖片 full_of_stars - 分數: 0.931 - 閾值: 0.999
2025-04-12 09:55:18 [INFO] 檢測圖片 forward - 分數: 0.957 - 閾值: 1.000
2025-04-12 09:55:19 [INFO] 檢測圖片 continue - 分數: 0.911 - 閾值: 1.000
2025-04-12 09:55:21 [INFO] 檢測圖片 MyCAREER - 分數: 0.939 - 閾值: 1.000
2025-04-12 09:55:22 [INFO] 檢測圖片 MyTEAM - 分數: 0.950 - 閾值: 1.000
2025-04-12 09:55:22 [INFO] 檢測圖片 daily_reward - 分數: 0.905 - 閾值: 1.000
2025-04-12 09:55:23 [INFO] 檢測圖片 new_content - 分數: 0.924 - 閾值: 1.000
2025-04-12 09:55:23 [INFO] 檢測圖片 domination_btn - 分數: 1.000 - 閾值: 1.000
2025-04-12 09:55:24 [INFO] 檢測到稱霸賽按鈕
2025-04-12 09:55:27 [INFO] 檢查滿星...
2025-04-12 09:55:27 [INFO] 檢測圖片 full_of_stars - 分數: 1.000 - 閾值: 0.999
2025-04-12 09:55:27 [INFO] 找到滿星！按D鍵切換
2025-04-12 09:55:28 [INFO] 檢測圖片 full_of_stars - 分數: 0.997 - 閾值: 0.999
2025-04-12 09:55:28 [INFO] 第1次未找到滿星，繼續嘗試...
2025-04-12 09:55:29 [INFO] 檢測圖片 full_of_stars - 分數: 0.997 - 閾值: 0.999
2025-04-12 09:55:29 [INFO] 第2次未找到滿星，繼續嘗試...
2025-04-12 09:55:30 [INFO] 檢測圖片 full_of_stars - 分數: 0.997 - 閾值: 0.999
2025-04-12 09:55:30 [INFO] 完成滿星處理，繼續下一步
2025-04-12 09:55:30 [INFO] 檢測圖片 select - 分數: 0.994 - 閾值: 0.993
2025-04-12 09:55:30 [INFO] 檢測到選擇按鈕
2025-04-12 09:55:32 [INFO] === 開始三星搜尋 ===
2025-04-12 09:55:32 [INFO] 
第 1 次搜尋開始...
2025-04-12 09:55:32 [INFO] 按左鍵
2025-04-12 09:55:32 [INFO] 檢查三星...
2025-04-12 09:55:33 [INFO] 檢測圖片 stars - 分數: 0.915 - 閾值: 0.990
2025-04-12 09:55:33 [INFO] 檢測圖片 stars2 - 分數: 0.955 - 閾值: 0.990
2025-04-12 09:55:34 [INFO] 檢測圖片 stars3 - 分數: 0.904 - 閾值: 0.994
2025-04-12 09:55:34 [INFO] 檢測圖片 stars4 - 分數: 0.897 - 閾值: 0.994
2025-04-12 09:55:34 [INFO] 按W鍵
2025-04-12 09:55:35 [INFO] 
使用者中止程式
2025-04-12 09:55:35 [INFO] 程式結束
