2025-04-12 09:54:00 [INFO] 遊戲啟動
2025-04-12 09:54:00 [INFO] 成功載入配置文件
2025-04-12 09:54:00 [INFO] 開始執行自動化程序...
2025-04-12 09:54:00 [INFO] 檢測圖片 MyCAREER - 分數: 0.961 - 閾值: 1.000
2025-04-12 09:54:01 [INFO] 檢測圖片 MyTEAM - 分數: 0.950 - 閾值: 1.000
2025-04-12 09:54:01 [INFO] 檢測圖片 daily_reward - 分數: 0.905 - 閾值: 1.000
2025-04-12 09:54:02 [INFO] 檢測圖片 new_content - 分數: 0.924 - 閾值: 1.000
2025-04-12 09:54:03 [INFO] 檢測圖片 domination_btn - 分數: 1.000 - 閾值: 1.000
2025-04-12 09:54:03 [INFO] 檢測到稱霸賽按鈕
2025-04-12 09:54:06 [INFO] 檢查滿星...
2025-04-12 09:54:06 [INFO] 檢測圖片 full_of_stars - 分數: 1.000 - 閾值: 0.999
2025-04-12 09:54:06 [INFO] 第1次嘗試找到滿星！按D鍵切換
2025-04-12 09:54:07 [INFO] 檢測圖片 select - 分數: 0.994 - 閾值: 0.993
2025-04-12 09:54:08 [INFO] 檢測到選擇按鈕
2025-04-12 09:54:09 [INFO] === 開始三星搜尋 ===
2025-04-12 09:54:09 [INFO] 
第 1 次搜尋開始...
2025-04-12 09:54:09 [INFO] 按左鍵
2025-04-12 09:54:09 [INFO] 檢查三星...
2025-04-12 09:54:10 [INFO] 檢測圖片 stars - 分數: 0.915 - 閾值: 0.990
2025-04-12 09:54:10 [INFO] 檢測圖片 stars2 - 分數: 0.955 - 閾值: 0.990
2025-04-12 09:54:11 [INFO] 檢測圖片 stars3 - 分數: 0.981 - 閾值: 0.994
2025-04-12 09:54:11 [INFO] 檢測圖片 stars4 - 分數: 0.979 - 閾值: 0.994
2025-04-12 09:54:11 [INFO] 按W鍵
2025-04-12 09:54:14 [INFO] 檢查三星...
2025-04-12 09:54:14 [INFO] 檢測圖片 stars - 分數: 0.967 - 閾值: 0.990
2025-04-12 09:54:15 [INFO] 
使用者中止程式
2025-04-12 09:54:15 [INFO] 程式結束
