2025-04-12 09:56:29 [INFO] 遊戲啟動
2025-04-12 09:56:29 [INFO] 成功載入配置文件
2025-04-12 09:56:29 [INFO] 開始執行自動化程序...
2025-04-12 09:56:29 [INFO] 檢測圖片 MyCAREER - 分數: 0.961 - 閾值: 1.000
2025-04-12 09:56:30 [INFO] 檢測圖片 MyTEAM - 分數: 0.950 - 閾值: 1.000
2025-04-12 09:56:31 [INFO] 檢測圖片 daily_reward - 分數: 0.905 - 閾值: 1.000
2025-04-12 09:56:31 [INFO] 檢測圖片 new_content - 分數: 0.924 - 閾值: 1.000
2025-04-12 09:56:32 [INFO] 檢測圖片 domination_btn - 分數: 1.000 - 閾值: 1.000
2025-04-12 09:56:32 [INFO] 檢測到稱霸賽按鈕
2025-04-12 09:56:35 [INFO] 檢查滿星...
2025-04-12 09:56:36 [INFO] 檢測圖片 full_of_stars - 分數: 1.000 - 閾值: 0.995
2025-04-12 09:56:36 [INFO] 找到滿星！按D鍵切換
2025-04-12 09:56:37 [INFO] 檢測圖片 full_of_stars - 分數: 0.997 - 閾值: 0.995
2025-04-12 09:56:37 [INFO] 找到滿星！按D鍵切換
2025-04-12 09:56:38 [INFO] 檢測圖片 full_of_stars - 分數: 0.991 - 閾值: 0.995
2025-04-12 09:56:38 [INFO] 第1次未找到滿星，繼續嘗試...
2025-04-12 09:56:39 [INFO] 檢測圖片 full_of_stars - 分數: 0.991 - 閾值: 0.995
2025-04-12 09:56:39 [INFO] 第2次未找到滿星，繼續嘗試...
2025-04-12 09:56:40 [INFO] 檢測圖片 full_of_stars - 分數: 0.991 - 閾值: 0.995
2025-04-12 09:56:40 [INFO] 完成滿星處理，繼續下一步
2025-04-12 09:56:40 [INFO] 檢測圖片 select - 分數: 1.000 - 閾值: 0.993
2025-04-12 09:56:40 [INFO] 檢測到選擇按鈕
2025-04-12 09:56:41 [INFO] === 開始三星搜尋 ===
2025-04-12 09:56:41 [INFO] 
第 1 次搜尋開始...
2025-04-12 09:56:41 [INFO] 按左鍵
2025-04-12 09:56:42 [INFO] 檢查三星...
2025-04-12 09:56:42 [INFO] 檢測圖片 stars - 分數: 0.913 - 閾值: 0.990
2025-04-12 09:56:43 [INFO] 檢測圖片 stars2 - 分數: 0.955 - 閾值: 0.990
2025-04-12 09:56:43 [INFO] 檢測圖片 stars3 - 分數: 0.981 - 閾值: 0.994
2025-04-12 09:56:44 [INFO] 檢測圖片 stars4 - 分數: 0.979 - 閾值: 0.994
2025-04-12 09:56:44 [INFO] 按W鍵
2025-04-12 09:56:47 [INFO] 檢查三星...
2025-04-12 09:56:47 [INFO] 檢測圖片 stars - 分數: 0.967 - 閾值: 0.990
2025-04-12 09:56:48 [INFO] 檢測圖片 stars2 - 分數: 0.961 - 閾值: 0.990
2025-04-12 09:56:48 [INFO] 檢測圖片 stars3 - 分數: 0.992 - 閾值: 0.994
2025-04-12 09:56:49 [INFO] 檢測圖片 stars4 - 分數: 0.976 - 閾值: 0.994
2025-04-12 09:56:49 [INFO] 按S鍵
2025-04-12 09:56:49 [INFO] 按5次按鍵並檢查三星
2025-04-12 09:56:49 [INFO] 檢查三星...
2025-04-12 09:56:50 [INFO] 檢測圖片 stars - 分數: 0.968 - 閾值: 0.990
2025-04-12 09:56:50 [INFO] 檢測圖片 stars2 - 分數: 0.961 - 閾值: 0.990
2025-04-12 09:56:51 [INFO] 檢測圖片 stars3 - 分數: 0.990 - 閾值: 0.994
2025-04-12 09:56:52 [INFO] 檢測圖片 stars4 - 分數: 0.978 - 閾值: 0.994
2025-04-12 09:56:52 [INFO] 檢查三星...
2025-04-12 09:56:53 [INFO] 檢測圖片 stars - 分數: 0.969 - 閾值: 0.990
2025-04-12 09:56:53 [INFO] 檢測圖片 stars2 - 分數: 0.961 - 閾值: 0.990
2025-04-12 09:56:54 [INFO] 檢測圖片 stars3 - 分數: 0.988 - 閾值: 0.994
2025-04-12 09:56:54 [INFO] 檢測圖片 stars4 - 分數: 0.979 - 閾值: 0.994
2025-04-12 09:56:55 [INFO] 檢查三星...
2025-04-12 09:56:56 [INFO] 檢測圖片 stars - 分數: 0.968 - 閾值: 0.990
2025-04-12 09:56:56 [INFO] 檢測圖片 stars2 - 分數: 0.958 - 閾值: 0.990
2025-04-12 09:56:57 [INFO] 檢測圖片 stars3 - 分數: 0.983 - 閾值: 0.994
2025-04-12 09:56:57 [INFO] 檢測圖片 stars4 - 分數: 0.980 - 閾值: 0.994
2025-04-12 09:56:58 [INFO] 檢查三星...
2025-04-12 09:56:59 [INFO] 檢測圖片 stars - 分數: 0.967 - 閾值: 0.990
2025-04-12 09:56:59 [INFO] 檢測圖片 stars2 - 分數: 0.955 - 閾值: 0.990
2025-04-12 09:57:00 [INFO] 檢測圖片 stars3 - 分數: 0.981 - 閾值: 0.994
2025-04-12 09:57:00 [INFO] 檢測圖片 stars4 - 分數: 0.979 - 閾值: 0.994
2025-04-12 09:57:01 [INFO] 檢查三星...
2025-04-12 09:57:01 [INFO] 檢測圖片 stars - 分數: 0.967 - 閾值: 0.990
2025-04-12 09:57:02 [INFO] 檢測圖片 stars2 - 分數: 0.955 - 閾值: 0.990
2025-04-12 09:57:03 [INFO] 檢測圖片 stars3 - 分數: 0.981 - 閾值: 0.994
2025-04-12 09:57:03 [INFO] 檢測圖片 stars4 - 分數: 0.979 - 閾值: 0.994
2025-04-12 09:57:03 [INFO] 按右鍵
2025-04-12 09:57:04 [INFO] 檢查三星...
2025-04-12 09:57:04 [INFO] 檢測圖片 stars - 分數: 0.996 - 閾值: 0.990
2025-04-12 09:57:05 [INFO] 檢測圖片 stars2 - 分數: 0.987 - 閾值: 0.990
2025-04-12 09:57:05 [INFO] 檢測圖片 stars3 - 分數: 0.984 - 閾值: 0.994
2025-04-12 09:57:06 [INFO] 檢測圖片 stars4 - 分數: 0.985 - 閾值: 0.994
2025-04-12 09:57:06 [INFO] 找到三星！
2025-04-12 09:57:06 [INFO] 找到三星！準備開始遊戲
2025-04-12 09:57:06 [INFO] === 開始進入遊戲流程 ===
2025-04-12 09:57:06 [INFO] 按空格確認
2025-04-12 09:57:07 [INFO] 按兩次S鍵選擇難度
2025-04-12 09:57:09 [INFO] 按空格確認難度
2025-04-12 09:57:11 [INFO] 按空格開始遊戲
2025-04-12 09:57:12 [INFO] === 進入遊戲循環 ===
2025-04-12 09:57:12 [INFO] 檢測圖片 forward - 分數: 0.979 - 閾值: 1.000
2025-04-12 09:57:13 [INFO] 檢測圖片 pause - 分數: 0.809 - 閾值: 0.900
2025-04-12 09:57:13 [INFO] 檢測圖片 continue - 分數: 0.914 - 閾值: 1.000
2025-04-12 09:57:13 [INFO] 檢查三星...
2025-04-12 09:57:14 [INFO] 檢測圖片 stars - 分數: 0.923 - 閾值: 0.990
2025-04-12 09:57:15 [INFO] 檢測圖片 stars2 - 分數: 0.911 - 閾值: 0.990
2025-04-12 09:57:15 [INFO] 檢測圖片 stars3 - 分數: 0.940 - 閾值: 0.994
2025-04-12 09:57:16 [INFO] 檢查滿星...
2025-04-12 09:57:16 [INFO] 第1次未找到滿星，繼續嘗試...
2025-04-12 09:57:17 [INFO] 檢測圖片 full_of_stars - 分數: 0.951 - 閾值: 0.995
2025-04-12 09:57:17 [INFO] 第2次未找到滿星，繼續嘗試...
2025-04-12 09:57:18 [INFO] 檢測圖片 full_of_stars - 分數: 0.923 - 閾值: 0.995
2025-04-12 09:57:18 [INFO] 連續3次未找到滿星，退出查找
2025-04-12 09:57:18 [INFO] 尋找圖片...
2025-04-12 09:57:20 [INFO] 檢測圖片 continue - 分數: 0.919 - 閾值: 1.000
2025-04-12 09:57:20 [INFO] 檢查三星...
2025-04-12 09:57:22 [INFO] 檢測圖片 stars2 - 分數: 0.963 - 閾值: 0.990
2025-04-12 09:57:23 [INFO] 檢測圖片 stars4 - 分數: 0.954 - 閾值: 0.994
2025-04-12 09:57:23 [INFO] 檢查滿星...
2025-04-12 09:57:23 [INFO] 檢測圖片 full_of_stars - 分數: 0.949 - 閾值: 0.995
2025-04-12 09:57:23 [INFO] 第1次未找到滿星，繼續嘗試...
2025-04-12 09:57:24 [INFO] 檢測圖片 full_of_stars - 分數: 0.929 - 閾值: 0.995
2025-04-12 09:57:24 [INFO] 第2次未找到滿星，繼續嘗試...
2025-04-12 09:57:25 [INFO] 連續3次未找到滿星，退出查找
2025-04-12 09:57:25 [INFO] 尋找圖片...
2025-04-12 09:57:26 [INFO] 檢測圖片 forward - 分數: 0.948 - 閾值: 1.000
2025-04-12 09:57:26 [INFO] 檢測圖片 pause - 分數: 0.815 - 閾值: 0.900
2025-04-12 09:57:27 [INFO] 檢測圖片 continue - 分數: 0.911 - 閾值: 1.000
2025-04-12 09:57:27 [INFO] 檢查三星...
2025-04-12 09:57:27 [INFO] 檢測圖片 stars - 分數: 0.958 - 閾值: 0.990
2025-04-12 09:57:28 [INFO] 檢測圖片 stars2 - 分數: 0.902 - 閾值: 0.990
2025-04-12 09:57:29 [INFO] 檢測圖片 stars3 - 分數: 0.933 - 閾值: 0.994
2025-04-12 09:57:29 [INFO] 檢測圖片 stars4 - 分數: 0.929 - 閾值: 0.994
2025-04-12 09:57:29 [INFO] 檢查滿星...
2025-04-12 09:57:30 [INFO] 檢測圖片 full_of_stars - 分數: 0.940 - 閾值: 0.995
2025-04-12 09:57:30 [INFO] 第1次未找到滿星，繼續嘗試...
2025-04-12 09:57:31 [INFO] 檢測圖片 full_of_stars - 分數: 0.949 - 閾值: 0.995
2025-04-12 09:57:31 [INFO] 第2次未找到滿星，繼續嘗試...
2025-04-12 09:57:31 [INFO] 連續3次未找到滿星，退出查找
2025-04-12 09:57:31 [INFO] 尋找圖片...
2025-04-12 09:57:33 [INFO] 檢測圖片 forward - 分數: 0.954 - 閾值: 1.000
2025-04-12 09:57:34 [INFO] 檢測圖片 continue - 分數: 0.918 - 閾值: 1.000
2025-04-12 09:57:34 [INFO] 檢查三星...
2025-04-12 09:57:34 [INFO] 檢測圖片 stars - 分數: 0.957 - 閾值: 0.990
2025-04-12 09:57:35 [INFO] 檢測圖片 stars2 - 分數: 0.963 - 閾值: 0.990
2025-04-12 09:57:35 [INFO] 檢測圖片 stars3 - 分數: 0.927 - 閾值: 0.994
2025-04-12 09:57:36 [INFO] 檢查滿星...
2025-04-12 09:57:36 [INFO] 檢測圖片 full_of_stars - 分數: 0.949 - 閾值: 0.995
2025-04-12 09:57:36 [INFO] 第1次未找到滿星，繼續嘗試...
2025-04-12 09:57:37 [INFO] 檢測圖片 full_of_stars - 分數: 0.932 - 閾值: 0.995
2025-04-12 09:57:37 [INFO] 第2次未找到滿星，繼續嘗試...
2025-04-12 09:57:38 [INFO] 檢測圖片 full_of_stars - 分數: 0.934 - 閾值: 0.995
2025-04-12 09:57:38 [INFO] 連續3次未找到滿星，退出查找
2025-04-12 09:57:38 [INFO] 尋找圖片...
2025-04-12 09:57:39 [INFO] 檢測圖片 forward - 分數: 0.941 - 閾值: 1.000
2025-04-12 09:57:40 [INFO] 檢測圖片 pause - 分數: 0.800 - 閾值: 0.900
2025-04-12 09:57:40 [INFO] 檢查三星...
2025-04-12 09:57:41 [INFO] 檢測圖片 stars - 分數: 0.959 - 閾值: 0.990
2025-04-12 09:57:41 [INFO] 檢測圖片 stars2 - 分數: 0.937 - 閾值: 0.990
2025-04-12 09:57:43 [INFO] 檢測圖片 stars4 - 分數: 0.951 - 閾值: 0.994
2025-04-12 09:57:43 [INFO] 檢查滿星...
2025-04-12 09:57:43 [INFO] 檢測圖片 full_of_stars - 分數: 0.931 - 閾值: 0.995
2025-04-12 09:57:43 [INFO] 第1次未找到滿星，繼續嘗試...
2025-04-12 09:57:44 [INFO] 檢測圖片 full_of_stars - 分數: 0.921 - 閾值: 0.995
2025-04-12 09:57:44 [INFO] 第2次未找到滿星，繼續嘗試...
2025-04-12 09:57:45 [INFO] 檢測圖片 full_of_stars - 分數: 0.946 - 閾值: 0.995
2025-04-12 09:57:45 [INFO] 連續3次未找到滿星，退出查找
2025-04-12 09:57:45 [INFO] 尋找圖片...
2025-04-12 09:57:46 [INFO] 檢測圖片 forward - 分數: 0.980 - 閾值: 1.000
2025-04-12 09:57:47 [INFO] 檢測圖片 continue - 分數: 0.938 - 閾值: 1.000
2025-04-12 09:57:47 [INFO] 檢查三星...
2025-04-12 09:57:47 [INFO] 檢測圖片 stars - 分數: 0.935 - 閾值: 0.990
2025-04-12 09:57:48 [INFO] 檢測圖片 stars2 - 分數: 0.893 - 閾值: 0.990
2025-04-12 09:57:48 [INFO] 檢測圖片 stars3 - 分數: 0.958 - 閾值: 0.994
2025-04-12 09:57:49 [INFO] 檢測圖片 stars4 - 分數: 0.948 - 閾值: 0.994
2025-04-12 09:57:49 [INFO] 檢查滿星...
2025-04-12 09:57:49 [INFO] 第1次未找到滿星，繼續嘗試...
2025-04-12 09:57:50 [INFO] 檢測圖片 full_of_stars - 分數: 0.948 - 閾值: 0.995
2025-04-12 09:57:50 [INFO] 第2次未找到滿星，繼續嘗試...
2025-04-12 09:57:51 [INFO] 檢測圖片 full_of_stars - 分數: 0.932 - 閾值: 0.995
2025-04-12 09:57:51 [INFO] 連續3次未找到滿星，退出查找
2025-04-12 09:57:51 [INFO] 尋找圖片...
2025-04-12 09:57:53 [INFO] 檢測圖片 continue - 分數: 0.916 - 閾值: 1.000
2025-04-12 09:57:53 [INFO] 檢查三星...
2025-04-12 09:57:54 [INFO] 檢測圖片 stars - 分數: 0.894 - 閾值: 0.990
2025-04-12 09:57:54 [INFO] 檢測圖片 stars2 - 分數: 0.950 - 閾值: 0.990
2025-04-12 09:57:55 [INFO] 檢測圖片 stars3 - 分數: 0.956 - 閾值: 0.994
2025-04-12 09:57:55 [INFO] 檢測圖片 stars4 - 分數: 0.928 - 閾值: 0.994
2025-04-12 09:57:55 [INFO] 檢查滿星...
2025-04-12 09:57:56 [INFO] 檢測圖片 full_of_stars - 分數: 0.928 - 閾值: 0.995
2025-04-12 09:57:56 [INFO] 第1次未找到滿星，繼續嘗試...
2025-04-12 09:57:57 [INFO] 檢測圖片 full_of_stars - 分數: 0.940 - 閾值: 0.995
2025-04-12 09:57:57 [INFO] 第2次未找到滿星，繼續嘗試...
2025-04-12 09:57:58 [INFO] 檢測圖片 full_of_stars - 分數: 0.949 - 閾值: 0.995
2025-04-12 09:57:58 [INFO] 連續3次未找到滿星，退出查找
2025-04-12 09:57:58 [INFO] 尋找圖片...
2025-04-12 09:58:00 [INFO] 檢測圖片 continue - 分數: 0.911 - 閾值: 1.000
2025-04-12 09:58:00 [INFO] 檢查三星...
2025-04-12 09:58:00 [INFO] 檢測圖片 stars - 分數: 0.919 - 閾值: 0.990
2025-04-12 09:58:01 [INFO] 檢測圖片 stars2 - 分數: 0.963 - 閾值: 0.990
2025-04-12 09:58:02 [INFO] 檢測圖片 stars3 - 分數: 0.928 - 閾值: 0.994
2025-04-12 09:58:02 [INFO] 檢測圖片 stars4 - 分數: 0.924 - 閾值: 0.994
2025-04-12 09:58:02 [INFO] 檢查滿星...
2025-04-12 09:58:03 [INFO] 檢測圖片 full_of_stars - 分數: 0.941 - 閾值: 0.995
2025-04-12 09:58:03 [INFO] 第1次未找到滿星，繼續嘗試...
2025-04-12 09:58:04 [INFO] 檢測圖片 full_of_stars - 分數: 0.948 - 閾值: 0.995
2025-04-12 09:58:04 [INFO] 第2次未找到滿星，繼續嘗試...
2025-04-12 09:58:04 [INFO] 連續3次未找到滿星，退出查找
2025-04-12 09:58:04 [INFO] 尋找圖片...
2025-04-12 09:58:06 [INFO] 檢測圖片 forward - 分數: 0.978 - 閾值: 1.000
2025-04-12 09:58:06 [INFO] 檢測圖片 pause - 分數: 0.804 - 閾值: 0.900
2025-04-12 09:58:07 [INFO] 檢測圖片 continue - 分數: 0.918 - 閾值: 1.000
2025-04-12 09:58:07 [INFO] 檢查三星...
2025-04-12 09:58:07 [INFO] 檢測圖片 stars - 分數: 0.920 - 閾值: 0.990
2025-04-12 09:58:08 [INFO] 檢測圖片 stars2 - 分數: 0.944 - 閾值: 0.990
2025-04-12 09:58:08 [INFO] 檢測圖片 stars3 - 分數: 0.933 - 閾值: 0.994
2025-04-12 09:58:09 [INFO] 檢測圖片 stars4 - 分數: 0.932 - 閾值: 0.994
2025-04-12 09:58:09 [INFO] 檢查滿星...
2025-04-12 09:58:10 [INFO] 第1次未找到滿星，繼續嘗試...
2025-04-12 09:58:10 [INFO] 第2次未找到滿星，繼續嘗試...
2025-04-12 09:58:11 [INFO] 檢測圖片 full_of_stars - 分數: 0.927 - 閾值: 0.995
2025-04-12 09:58:11 [INFO] 連續3次未找到滿星，退出查找
2025-04-12 09:58:11 [INFO] 尋找圖片...
2025-04-12 09:58:12 [INFO] 檢測圖片 forward - 分數: 0.960 - 閾值: 1.000
2025-04-12 09:58:13 [INFO] 檢測圖片 pause - 分數: 0.825 - 閾值: 0.900
2025-04-12 09:58:13 [INFO] 檢查三星...
2025-04-12 09:58:14 [INFO] 檢測圖片 stars - 分數: 0.906 - 閾值: 0.990
2025-04-12 09:58:15 [INFO] 檢測圖片 stars2 - 分數: 0.908 - 閾值: 0.990
2025-04-12 09:58:15 [INFO] 檢測圖片 stars3 - 分數: 0.913 - 閾值: 0.994
2025-04-12 09:58:16 [INFO] 檢測圖片 stars4 - 分數: 0.906 - 閾值: 0.994
2025-04-12 09:58:16 [INFO] 檢查滿星...
2025-04-12 09:58:16 [INFO] 檢測圖片 full_of_stars - 分數: 0.958 - 閾值: 0.995
2025-04-12 09:58:16 [INFO] 第1次未找到滿星，繼續嘗試...
2025-04-12 09:58:17 [INFO] 檢測圖片 full_of_stars - 分數: 0.958 - 閾值: 0.995
2025-04-12 09:58:17 [INFO] 第2次未找到滿星，繼續嘗試...
2025-04-12 09:58:18 [INFO] 檢測圖片 full_of_stars - 分數: 0.958 - 閾值: 0.995
2025-04-12 09:58:18 [INFO] 連續3次未找到滿星，退出查找
2025-04-12 09:58:18 [INFO] 尋找圖片...
2025-04-12 09:58:19 [INFO] 檢測圖片 forward - 分數: 0.977 - 閾值: 1.000
2025-04-12 09:58:20 [INFO] 檢測圖片 pause - 分數: 0.825 - 閾值: 0.900
2025-04-12 09:58:20 [INFO] 檢查三星...
2025-04-12 09:58:21 [INFO] 檢測圖片 stars - 分數: 0.906 - 閾值: 0.990
2025-04-12 09:58:21 [INFO] 檢測圖片 stars2 - 分數: 0.908 - 閾值: 0.990
2025-04-12 09:58:23 [INFO] 檢測圖片 stars4 - 分數: 0.915 - 閾值: 0.994
2025-04-12 09:58:23 [INFO] 檢查滿星...
2025-04-12 09:58:24 [INFO] 檢測圖片 full_of_stars - 分數: 0.950 - 閾值: 0.995
2025-04-12 09:58:24 [INFO] 第1次未找到滿星，繼續嘗試...
2025-04-12 09:58:25 [INFO] 檢測圖片 full_of_stars - 分數: 0.951 - 閾值: 0.995
2025-04-12 09:58:25 [INFO] 第2次未找到滿星，繼續嘗試...
2025-04-12 09:58:26 [INFO] 檢測圖片 full_of_stars - 分數: 0.950 - 閾值: 0.995
2025-04-12 09:58:26 [INFO] 連續3次未找到滿星，退出查找
2025-04-12 09:58:26 [INFO] 尋找圖片...
2025-04-12 09:58:27 [INFO] 檢測圖片 forward - 分數: 0.981 - 閾值: 1.000
2025-04-12 09:58:28 [INFO] 檢測圖片 pause - 分數: 0.837 - 閾值: 0.900
2025-04-12 09:58:28 [INFO] 檢測圖片 continue - 分數: 0.904 - 閾值: 1.000
2025-04-12 09:58:28 [INFO] 檢查三星...
2025-04-12 09:58:29 [INFO] 檢測圖片 stars - 分數: 0.920 - 閾值: 0.990
2025-04-12 09:58:30 [INFO] 檢測圖片 stars2 - 分數: 0.917 - 閾值: 0.990
2025-04-12 09:58:30 [INFO] 檢測圖片 stars3 - 分數: 0.938 - 閾值: 0.994
2025-04-12 09:58:31 [INFO] 檢測圖片 stars4 - 分數: 0.937 - 閾值: 0.994
2025-04-12 09:58:31 [INFO] 檢查滿星...
2025-04-12 09:58:31 [INFO] 檢測圖片 full_of_stars - 分數: 0.951 - 閾值: 0.995
2025-04-12 09:58:31 [INFO] 第1次未找到滿星，繼續嘗試...
2025-04-12 09:58:32 [INFO] 檢測圖片 full_of_stars - 分數: 0.950 - 閾值: 0.995
2025-04-12 09:58:32 [INFO] 第2次未找到滿星，繼續嘗試...
2025-04-12 09:58:33 [INFO] 檢測圖片 full_of_stars - 分數: 0.951 - 閾值: 0.995
2025-04-12 09:58:33 [INFO] 連續3次未找到滿星，退出查找
2025-04-12 09:58:33 [INFO] 尋找圖片...
2025-04-12 09:58:35 [INFO] 檢測圖片 forward - 分數: 0.975 - 閾值: 1.000
2025-04-12 09:58:36 [INFO] 檢測圖片 pause - 分數: 0.815 - 閾值: 0.900
2025-04-12 09:58:36 [INFO] 檢查三星...
2025-04-12 09:58:37 [INFO] 檢測圖片 stars - 分數: 0.905 - 閾值: 0.990
2025-04-12 09:58:38 [INFO] 檢測圖片 stars2 - 分數: 0.907 - 閾值: 0.990
2025-04-12 09:58:39 [INFO] 檢測圖片 stars3 - 分數: 0.902 - 閾值: 0.994
2025-04-12 09:58:40 [INFO] 檢測圖片 stars4 - 分數: 0.901 - 閾值: 0.994
2025-04-12 09:58:40 [INFO] 檢查滿星...
2025-04-12 09:58:40 [INFO] 檢測圖片 full_of_stars - 分數: 0.951 - 閾值: 0.995
2025-04-12 09:58:40 [INFO] 第1次未找到滿星，繼續嘗試...
2025-04-12 09:58:41 [INFO] 檢測圖片 full_of_stars - 分數: 0.951 - 閾值: 0.995
2025-04-12 09:58:41 [INFO] 第2次未找到滿星，繼續嘗試...
2025-04-12 09:58:42 [INFO] 檢測圖片 full_of_stars - 分數: 0.951 - 閾值: 0.995
2025-04-12 09:58:42 [INFO] 連續3次未找到滿星，退出查找
2025-04-12 09:58:42 [INFO] 尋找圖片...
2025-04-12 09:58:45 [INFO] 檢測圖片 pause - 分數: 0.803 - 閾值: 0.900
2025-04-12 09:58:46 [INFO] 檢測圖片 continue - 分數: 0.921 - 閾值: 1.000
2025-04-12 09:58:46 [INFO] 檢查三星...
2025-04-12 09:58:49 [INFO] 檢測圖片 stars4 - 分數: 0.900 - 閾值: 0.994
2025-04-12 09:58:49 [INFO] 檢查滿星...
2025-04-12 09:58:50 [INFO] 檢測圖片 full_of_stars - 分數: 0.949 - 閾值: 0.995
2025-04-12 09:58:50 [INFO] 第1次未找到滿星，繼續嘗試...
2025-04-12 09:58:50 [INFO] 檢測圖片 full_of_stars - 分數: 0.949 - 閾值: 0.995
2025-04-12 09:58:50 [INFO] 第2次未找到滿星，繼續嘗試...
2025-04-12 09:58:51 [INFO] 檢測圖片 full_of_stars - 分數: 0.949 - 閾值: 0.995
2025-04-12 09:58:51 [INFO] 連續3次未找到滿星，退出查找
2025-04-12 09:58:51 [INFO] 尋找圖片...
2025-04-12 09:58:52 [INFO] 檢測圖片 forward - 分數: 0.976 - 閾值: 1.000
2025-04-12 09:58:53 [INFO] 檢測圖片 pause - 分數: 0.816 - 閾值: 0.900
2025-04-12 09:58:54 [INFO] 檢查三星...
2025-04-12 09:58:54 [INFO] 檢測圖片 stars - 分數: 0.908 - 閾值: 0.990
2025-04-12 09:58:55 [INFO] 檢測圖片 stars2 - 分數: 0.911 - 閾值: 0.990
2025-04-12 09:58:56 [INFO] 檢測圖片 stars3 - 分數: 0.902 - 閾值: 0.994
2025-04-12 09:58:56 [INFO] 檢測圖片 stars4 - 分數: 0.903 - 閾值: 0.994
2025-04-12 09:58:56 [INFO] 檢查滿星...
2025-04-12 09:58:57 [INFO] 檢測圖片 full_of_stars - 分數: 0.952 - 閾值: 0.995
2025-04-12 09:58:57 [INFO] 第1次未找到滿星，繼續嘗試...
2025-04-12 09:58:57 [INFO] 檢測圖片 full_of_stars - 分數: 0.952 - 閾值: 0.995
2025-04-12 09:58:57 [INFO] 第2次未找到滿星，繼續嘗試...
2025-04-12 09:58:58 [INFO] 檢測圖片 full_of_stars - 分數: 0.950 - 閾值: 0.995
2025-04-12 09:58:58 [INFO] 連續3次未找到滿星，退出查找
2025-04-12 09:58:58 [INFO] 尋找圖片...
2025-04-12 09:59:00 [INFO] 檢測圖片 forward - 分數: 0.970 - 閾值: 1.000
2025-04-12 09:59:00 [INFO] 檢測圖片 pause - 分數: 0.819 - 閾值: 0.900
2025-04-12 09:59:01 [INFO] 檢測圖片 continue - 分數: 0.902 - 閾值: 1.000
2025-04-12 09:59:01 [INFO] 檢查三星...
2025-04-12 09:59:02 [INFO] 檢測圖片 stars - 分數: 0.900 - 閾值: 0.990
2025-04-12 09:59:03 [INFO] 檢測圖片 stars3 - 分數: 0.895 - 閾值: 0.994
2025-04-12 09:59:04 [INFO] 檢查滿星...
2025-04-12 09:59:05 [INFO] 檢測圖片 full_of_stars - 分數: 0.950 - 閾值: 0.995
2025-04-12 09:59:05 [INFO] 第1次未找到滿星，繼續嘗試...
2025-04-12 09:59:05 [INFO] 檢測圖片 full_of_stars - 分數: 0.950 - 閾值: 0.995
2025-04-12 09:59:05 [INFO] 第2次未找到滿星，繼續嘗試...
2025-04-12 09:59:06 [INFO] 檢測圖片 full_of_stars - 分數: 0.950 - 閾值: 0.995
2025-04-12 09:59:06 [INFO] 連續3次未找到滿星，退出查找
2025-04-12 09:59:06 [INFO] 尋找圖片...
2025-04-12 09:59:07 [INFO] 檢測圖片 forward - 分數: 0.975 - 閾值: 1.000
2025-04-12 09:59:08 [INFO] 檢測圖片 pause - 分數: 0.822 - 閾值: 0.900
2025-04-12 09:59:09 [INFO] 檢查三星...
2025-04-12 09:59:09 [INFO] 檢測圖片 stars - 分數: 0.936 - 閾值: 0.990
2025-04-12 09:59:10 [INFO] 檢測圖片 stars2 - 分數: 0.943 - 閾值: 0.990
2025-04-12 09:59:11 [INFO] 檢測圖片 stars3 - 分數: 0.937 - 閾值: 0.994
2025-04-12 09:59:11 [INFO] 檢測圖片 stars4 - 分數: 0.931 - 閾值: 0.994
2025-04-12 09:59:11 [INFO] 檢查滿星...
2025-04-12 09:59:12 [INFO] 檢測圖片 full_of_stars - 分數: 0.949 - 閾值: 0.995
2025-04-12 09:59:12 [INFO] 第1次未找到滿星，繼續嘗試...
2025-04-12 09:59:13 [INFO] 檢測圖片 full_of_stars - 分數: 0.949 - 閾值: 0.995
2025-04-12 09:59:13 [INFO] 第2次未找到滿星，繼續嘗試...
2025-04-12 09:59:14 [INFO] 檢測圖片 full_of_stars - 分數: 0.949 - 閾值: 0.995
2025-04-12 09:59:14 [INFO] 連續3次未找到滿星，退出查找
2025-04-12 09:59:14 [INFO] 尋找圖片...
2025-04-12 09:59:15 [INFO] 檢測圖片 forward - 分數: 0.975 - 閾值: 1.000
2025-04-12 09:59:16 [INFO] 檢測圖片 pause - 分數: 0.821 - 閾值: 0.900
2025-04-12 09:59:16 [INFO] 檢測圖片 continue - 分數: 0.901 - 閾值: 1.000
2025-04-12 09:59:16 [INFO] 檢查三星...
2025-04-12 09:59:17 [INFO] 檢測圖片 stars - 分數: 0.914 - 閾值: 0.990
2025-04-12 09:59:18 [INFO] 檢測圖片 stars2 - 分數: 0.914 - 閾值: 0.990
2025-04-12 09:59:19 [INFO] 檢查滿星...
2025-04-12 09:59:20 [INFO] 檢測圖片 full_of_stars - 分數: 0.953 - 閾值: 0.995
2025-04-12 09:59:20 [INFO] 第1次未找到滿星，繼續嘗試...
2025-04-12 09:59:21 [INFO] 檢測圖片 full_of_stars - 分數: 0.954 - 閾值: 0.995
2025-04-12 09:59:21 [INFO] 第2次未找到滿星，繼續嘗試...
2025-04-12 09:59:21 [INFO] 檢測圖片 full_of_stars - 分數: 0.954 - 閾值: 0.995
2025-04-12 09:59:21 [INFO] 連續3次未找到滿星，退出查找
2025-04-12 09:59:21 [INFO] 尋找圖片...
2025-04-12 09:59:23 [INFO] 檢測圖片 forward - 分數: 0.975 - 閾值: 1.000
2025-04-12 09:59:24 [INFO] 檢測圖片 pause - 分數: 0.821 - 閾值: 0.900
2025-04-12 09:59:24 [INFO] 檢測圖片 continue - 分數: 0.905 - 閾值: 1.000
2025-04-12 09:59:24 [INFO] 檢查三星...
2025-04-12 09:59:25 [INFO] 檢測圖片 stars - 分數: 0.938 - 閾值: 0.990
2025-04-12 09:59:26 [INFO] 檢測圖片 stars2 - 分數: 0.940 - 閾值: 0.990
2025-04-12 09:59:28 [INFO] 檢測圖片 stars4 - 分數: 0.929 - 閾值: 0.994
2025-04-12 09:59:28 [INFO] 檢查滿星...
2025-04-12 09:59:28 [INFO] 檢測圖片 full_of_stars - 分數: 0.949 - 閾值: 0.995
2025-04-12 09:59:28 [INFO] 第1次未找到滿星，繼續嘗試...
2025-04-12 09:59:29 [INFO] 檢測圖片 full_of_stars - 分數: 0.949 - 閾值: 0.995
2025-04-12 09:59:29 [INFO] 第2次未找到滿星，繼續嘗試...
2025-04-12 09:59:30 [INFO] 檢測圖片 full_of_stars - 分數: 0.949 - 閾值: 0.995
2025-04-12 09:59:30 [INFO] 連續3次未找到滿星，退出查找
2025-04-12 09:59:30 [INFO] 尋找圖片...
2025-04-12 09:59:31 [INFO] 檢測圖片 forward - 分數: 0.975 - 閾值: 1.000
2025-04-12 09:59:32 [INFO] 檢測圖片 pause - 分數: 0.821 - 閾值: 0.900
2025-04-12 09:59:32 [INFO] 檢測圖片 continue - 分數: 0.900 - 閾值: 1.000
2025-04-12 09:59:32 [INFO] 檢查三星...
2025-04-12 09:59:33 [INFO] 檢測圖片 stars - 分數: 0.939 - 閾值: 0.990
2025-04-12 09:59:34 [INFO] 檢測圖片 stars2 - 分數: 0.943 - 閾值: 0.990
2025-04-12 09:59:35 [INFO] 檢測圖片 stars3 - 分數: 0.938 - 閾值: 0.994
2025-04-12 09:59:36 [INFO] 檢測圖片 stars4 - 分數: 0.932 - 閾值: 0.994
2025-04-12 09:59:36 [INFO] 檢查滿星...
2025-04-12 09:59:36 [INFO] 檢測圖片 full_of_stars - 分數: 0.952 - 閾值: 0.995
2025-04-12 09:59:36 [INFO] 第1次未找到滿星，繼續嘗試...
2025-04-12 09:59:38 [INFO] 檢測圖片 full_of_stars - 分數: 0.951 - 閾值: 0.995
2025-04-12 09:59:38 [INFO] 第2次未找到滿星，繼續嘗試...
2025-04-12 09:59:39 [INFO] 檢測圖片 full_of_stars - 分數: 0.952 - 閾值: 0.995
2025-04-12 09:59:39 [INFO] 連續3次未找到滿星，退出查找
2025-04-12 09:59:39 [INFO] 尋找圖片...
2025-04-12 09:59:40 [INFO] 檢測圖片 forward - 分數: 0.975 - 閾值: 1.000
2025-04-12 09:59:40 [INFO] 檢測圖片 pause - 分數: 0.822 - 閾值: 0.900
2025-04-12 09:59:41 [INFO] 檢查三星...
2025-04-12 09:59:42 [INFO] 檢測圖片 stars - 分數: 0.931 - 閾值: 0.990
2025-04-12 09:59:43 [INFO] 檢測圖片 stars2 - 分數: 0.943 - 閾值: 0.990
2025-04-12 09:59:44 [INFO] 檢測圖片 stars3 - 分數: 0.921 - 閾值: 0.994
2025-04-12 09:59:44 [INFO] 檢測圖片 stars4 - 分數: 0.929 - 閾值: 0.994
2025-04-12 09:59:44 [INFO] 檢查滿星...
2025-04-12 09:59:45 [INFO] 檢測圖片 full_of_stars - 分數: 0.949 - 閾值: 0.995
2025-04-12 09:59:45 [INFO] 第1次未找到滿星，繼續嘗試...
2025-04-12 09:59:46 [INFO] 檢測圖片 full_of_stars - 分數: 0.949 - 閾值: 0.995
2025-04-12 09:59:46 [INFO] 第2次未找到滿星，繼續嘗試...
2025-04-12 09:59:47 [INFO] 檢測圖片 full_of_stars - 分數: 0.949 - 閾值: 0.995
2025-04-12 09:59:47 [INFO] 連續3次未找到滿星，退出查找
2025-04-12 09:59:47 [INFO] 尋找圖片...
2025-04-12 09:59:48 [INFO] 檢測圖片 forward - 分數: 0.975 - 閾值: 1.000
2025-04-12 09:59:49 [INFO] 檢測圖片 pause - 分數: 0.817 - 閾值: 0.900
2025-04-12 09:59:50 [INFO] 檢查三星...
2025-04-12 09:59:50 [INFO] 檢測圖片 stars - 分數: 0.939 - 閾值: 0.990
2025-04-12 09:59:51 [INFO] 檢測圖片 stars2 - 分數: 0.944 - 閾值: 0.990
2025-04-12 09:59:52 [INFO] 檢測圖片 stars3 - 分數: 0.937 - 閾值: 0.994
2025-04-12 09:59:53 [INFO] 檢測圖片 stars4 - 分數: 0.932 - 閾值: 0.994
2025-04-12 09:59:53 [INFO] 檢查滿星...
2025-04-12 09:59:53 [INFO] 檢測圖片 full_of_stars - 分數: 0.952 - 閾值: 0.995
2025-04-12 09:59:53 [INFO] 第1次未找到滿星，繼續嘗試...
2025-04-12 09:59:54 [INFO] 檢測圖片 full_of_stars - 分數: 0.953 - 閾值: 0.995
2025-04-12 09:59:54 [INFO] 第2次未找到滿星，繼續嘗試...
2025-04-12 09:59:55 [INFO] 檢測圖片 full_of_stars - 分數: 0.949 - 閾值: 0.995
2025-04-12 09:59:55 [INFO] 連續3次未找到滿星，退出查找
2025-04-12 09:59:55 [INFO] 尋找圖片...
2025-04-12 09:59:56 [INFO] 檢測圖片 forward - 分數: 0.975 - 閾值: 1.000
2025-04-12 09:59:57 [INFO] 檢測圖片 pause - 分數: 0.821 - 閾值: 0.900
2025-04-12 09:59:58 [INFO] 檢查三星...
2025-04-12 09:59:58 [INFO] 檢測圖片 stars - 分數: 0.940 - 閾值: 0.990
2025-04-12 09:59:59 [INFO] 檢測圖片 stars2 - 分數: 0.943 - 閾值: 0.990
2025-04-12 10:00:00 [INFO] 檢測圖片 stars3 - 分數: 0.938 - 閾值: 0.994
2025-04-12 10:00:01 [INFO] 檢測圖片 stars4 - 分數: 0.928 - 閾值: 0.994
2025-04-12 10:00:01 [INFO] 檢查滿星...
2025-04-12 10:00:01 [INFO] 檢測圖片 full_of_stars - 分數: 0.951 - 閾值: 0.995
2025-04-12 10:00:01 [INFO] 第1次未找到滿星，繼續嘗試...
2025-04-12 10:00:02 [INFO] 檢測圖片 full_of_stars - 分數: 0.949 - 閾值: 0.995
2025-04-12 10:00:02 [INFO] 第2次未找到滿星，繼續嘗試...
2025-04-12 10:00:03 [INFO] 檢測圖片 full_of_stars - 分數: 0.952 - 閾值: 0.995
2025-04-12 10:00:03 [INFO] 連續3次未找到滿星，退出查找
2025-04-12 10:00:03 [INFO] 尋找圖片...
2025-04-12 10:00:05 [INFO] 檢測圖片 forward - 分數: 0.975 - 閾值: 1.000
2025-04-12 10:00:05 [INFO] 檢測圖片 pause - 分數: 0.821 - 閾值: 0.900
2025-04-12 10:00:06 [INFO] 檢查三星...
2025-04-12 10:00:07 [INFO] 檢測圖片 stars - 分數: 0.933 - 閾值: 0.990
2025-04-12 10:00:07 [INFO] 檢測圖片 stars2 - 分數: 0.934 - 閾值: 0.990
2025-04-12 10:00:08 [INFO] 檢測圖片 stars3 - 分數: 0.922 - 閾值: 0.994
2025-04-12 10:00:09 [INFO] 檢測圖片 stars4 - 分數: 0.921 - 閾值: 0.994
2025-04-12 10:00:09 [INFO] 檢查滿星...
2025-04-12 10:00:10 [INFO] 檢測圖片 full_of_stars - 分數: 0.952 - 閾值: 0.995
2025-04-12 10:00:10 [INFO] 第1次未找到滿星，繼續嘗試...
2025-04-12 10:00:11 [INFO] 檢測圖片 full_of_stars - 分數: 0.952 - 閾值: 0.995
2025-04-12 10:00:11 [INFO] 第2次未找到滿星，繼續嘗試...
2025-04-12 10:00:11 [INFO] 檢測圖片 full_of_stars - 分數: 0.953 - 閾值: 0.995
2025-04-12 10:00:11 [INFO] 連續3次未找到滿星，退出查找
2025-04-12 10:00:11 [INFO] 尋找圖片...
2025-04-12 10:00:13 [INFO] 檢測圖片 forward - 分數: 0.975 - 閾值: 1.000
2025-04-12 10:00:13 [INFO] 檢測圖片 pause - 分數: 0.821 - 閾值: 0.900
2025-04-12 10:00:14 [INFO] 檢查三星...
2025-04-12 10:00:15 [INFO] 檢測圖片 stars - 分數: 0.934 - 閾值: 0.990
2025-04-12 10:00:15 [INFO] 檢測圖片 stars2 - 分數: 0.934 - 閾值: 0.990
2025-04-12 10:00:16 [INFO] 檢測圖片 stars3 - 分數: 0.932 - 閾值: 0.994
2025-04-12 10:00:17 [INFO] 檢測圖片 stars4 - 分數: 0.931 - 閾值: 0.994
2025-04-12 10:00:17 [INFO] 檢查滿星...
2025-04-12 10:00:18 [INFO] 檢測圖片 full_of_stars - 分數: 0.952 - 閾值: 0.995
2025-04-12 10:00:18 [INFO] 第1次未找到滿星，繼續嘗試...
2025-04-12 10:00:18 [INFO] 檢測圖片 full_of_stars - 分數: 0.952 - 閾值: 0.995
2025-04-12 10:00:18 [INFO] 第2次未找到滿星，繼續嘗試...
2025-04-12 10:00:19 [INFO] 檢測圖片 full_of_stars - 分數: 0.952 - 閾值: 0.995
2025-04-12 10:00:19 [INFO] 連續3次未找到滿星，退出查找
2025-04-12 10:00:19 [INFO] 尋找圖片...
2025-04-12 10:00:21 [INFO] 檢測圖片 forward - 分數: 0.975 - 閾值: 1.000
2025-04-12 10:00:21 [INFO] 檢測圖片 pause - 分數: 0.821 - 閾值: 0.900
2025-04-12 10:00:22 [INFO] 檢查三星...
2025-04-12 10:00:23 [INFO] 檢測圖片 stars - 分數: 0.936 - 閾值: 0.990
2025-04-12 10:00:23 [INFO] 檢測圖片 stars2 - 分數: 0.936 - 閾值: 0.990
2025-04-12 10:00:24 [INFO] 檢測圖片 stars3 - 分數: 0.925 - 閾值: 0.994
2025-04-12 10:00:25 [INFO] 檢測圖片 stars4 - 分數: 0.932 - 閾值: 0.994
2025-04-12 10:00:25 [INFO] 檢查滿星...
2025-04-12 10:00:26 [INFO] 檢測圖片 full_of_stars - 分數: 0.949 - 閾值: 0.995
2025-04-12 10:00:26 [INFO] 第1次未找到滿星，繼續嘗試...
2025-04-12 10:00:27 [INFO] 檢測圖片 full_of_stars - 分數: 0.953 - 閾值: 0.995
2025-04-12 10:00:27 [INFO] 第2次未找到滿星，繼續嘗試...
2025-04-12 10:00:28 [INFO] 檢測圖片 full_of_stars - 分數: 0.952 - 閾值: 0.995
2025-04-12 10:00:28 [INFO] 連續3次未找到滿星，退出查找
2025-04-12 10:00:28 [INFO] 尋找圖片...
2025-04-12 10:00:29 [INFO] 檢測圖片 forward - 分數: 0.977 - 閾值: 1.000
2025-04-12 10:00:29 [INFO] 檢測圖片 pause - 分數: 0.821 - 閾值: 0.900
2025-04-12 10:00:30 [INFO] 檢查三星...
2025-04-12 10:00:31 [INFO] 檢測圖片 stars - 分數: 0.939 - 閾值: 0.990
2025-04-12 10:00:31 [INFO] 檢測圖片 stars2 - 分數: 0.943 - 閾值: 0.990
2025-04-12 10:00:32 [INFO] 檢測圖片 stars3 - 分數: 0.933 - 閾值: 0.994
2025-04-12 10:00:33 [INFO] 檢測圖片 stars4 - 分數: 0.932 - 閾值: 0.994
2025-04-12 10:00:33 [INFO] 檢查滿星...
2025-04-12 10:00:33 [INFO] 檢測圖片 full_of_stars - 分數: 0.949 - 閾值: 0.995
2025-04-12 10:00:33 [INFO] 第1次未找到滿星，繼續嘗試...
2025-04-12 10:00:34 [INFO] 檢測圖片 full_of_stars - 分數: 0.949 - 閾值: 0.995
2025-04-12 10:00:34 [INFO] 第2次未找到滿星，繼續嘗試...
2025-04-12 10:00:35 [INFO] 檢測圖片 full_of_stars - 分數: 0.949 - 閾值: 0.995
2025-04-12 10:00:35 [INFO] 連續3次未找到滿星，退出查找
2025-04-12 10:00:35 [INFO] 尋找圖片...
2025-04-12 10:00:36 [INFO] 檢測圖片 forward - 分數: 0.975 - 閾值: 1.000
2025-04-12 10:00:37 [INFO] 檢測圖片 pause - 分數: 0.821 - 閾值: 0.900
2025-04-12 10:00:37 [INFO] 檢測圖片 continue - 分數: 0.902 - 閾值: 1.000
2025-04-12 10:00:37 [INFO] 檢查三星...
2025-04-12 10:00:38 [INFO] 檢測圖片 stars - 分數: 0.937 - 閾值: 0.990
2025-04-12 10:00:39 [INFO] 檢測圖片 stars2 - 分數: 0.938 - 閾值: 0.990
2025-04-12 10:00:40 [INFO] 檢測圖片 stars3 - 分數: 0.937 - 閾值: 0.994
2025-04-12 10:00:41 [INFO] 檢測圖片 stars4 - 分數: 0.934 - 閾值: 0.994
2025-04-12 10:00:41 [INFO] 檢查滿星...
2025-04-12 10:00:41 [INFO] 檢測圖片 full_of_stars - 分數: 0.953 - 閾值: 0.995
2025-04-12 10:00:41 [INFO] 第1次未找到滿星，繼續嘗試...
2025-04-12 10:00:42 [INFO] 檢測圖片 full_of_stars - 分數: 0.952 - 閾值: 0.995
2025-04-12 10:00:42 [INFO] 第2次未找到滿星，繼續嘗試...
2025-04-12 10:00:43 [INFO] 檢測圖片 full_of_stars - 分數: 0.949 - 閾值: 0.995
2025-04-12 10:00:43 [INFO] 連續3次未找到滿星，退出查找
2025-04-12 10:00:43 [INFO] 尋找圖片...
2025-04-12 10:00:44 [INFO] 檢測圖片 forward - 分數: 0.975 - 閾值: 1.000
2025-04-12 10:00:45 [INFO] 檢測圖片 pause - 分數: 0.822 - 閾值: 0.900
2025-04-12 10:00:45 [INFO] 檢查三星...
2025-04-12 10:00:46 [INFO] 檢測圖片 stars - 分數: 0.939 - 閾值: 0.990
2025-04-12 10:00:47 [INFO] 檢測圖片 stars2 - 分數: 0.942 - 閾值: 0.990
2025-04-12 10:00:48 [INFO] 檢測圖片 stars3 - 分數: 0.935 - 閾值: 0.994
2025-04-12 10:00:48 [INFO] 檢測圖片 stars4 - 分數: 0.929 - 閾值: 0.994
2025-04-12 10:00:48 [INFO] 檢查滿星...
2025-04-12 10:00:49 [INFO] 檢測圖片 full_of_stars - 分數: 0.949 - 閾值: 0.995
2025-04-12 10:00:49 [INFO] 第1次未找到滿星，繼續嘗試...
2025-04-12 10:00:50 [INFO] 檢測圖片 full_of_stars - 分數: 0.949 - 閾值: 0.995
2025-04-12 10:00:50 [INFO] 第2次未找到滿星，繼續嘗試...
2025-04-12 10:00:51 [INFO] 檢測圖片 full_of_stars - 分數: 0.949 - 閾值: 0.995
2025-04-12 10:00:51 [INFO] 連續3次未找到滿星，退出查找
2025-04-12 10:00:51 [INFO] 尋找圖片...
2025-04-12 10:00:52 [INFO] 檢測圖片 forward - 分數: 0.974 - 閾值: 1.000
2025-04-12 10:00:53 [INFO] 檢測圖片 pause - 分數: 0.821 - 閾值: 0.900
2025-04-12 10:00:53 [INFO] 檢測圖片 continue - 分數: 0.902 - 閾值: 1.000
2025-04-12 10:00:53 [INFO] 檢查三星...
2025-04-12 10:00:54 [INFO] 檢測圖片 stars - 分數: 0.934 - 閾值: 0.990
2025-04-12 10:00:55 [INFO] 檢測圖片 stars2 - 分數: 0.938 - 閾值: 0.990
2025-04-12 10:00:55 [INFO] 檢測圖片 stars3 - 分數: 0.922 - 閾值: 0.994
2025-04-12 10:00:56 [INFO] 檢測圖片 stars4 - 分數: 0.925 - 閾值: 0.994
2025-04-12 10:00:56 [INFO] 檢查滿星...
2025-04-12 10:00:57 [INFO] 檢測圖片 full_of_stars - 分數: 0.950 - 閾值: 0.995
2025-04-12 10:00:57 [INFO] 第1次未找到滿星，繼續嘗試...
2025-04-12 10:00:57 [INFO] 檢測圖片 full_of_stars - 分數: 0.949 - 閾值: 0.995
2025-04-12 10:00:57 [INFO] 第2次未找到滿星，繼續嘗試...
2025-04-12 10:00:58 [INFO] 檢測圖片 full_of_stars - 分數: 0.949 - 閾值: 0.995
2025-04-12 10:00:58 [INFO] 連續3次未找到滿星，退出查找
2025-04-12 10:00:58 [INFO] 尋找圖片...
2025-04-12 10:01:00 [INFO] 檢測圖片 forward - 分數: 0.974 - 閾值: 1.000
2025-04-12 10:01:00 [INFO] 檢測圖片 pause - 分數: 0.822 - 閾值: 0.900
2025-04-12 10:01:01 [INFO] 檢測圖片 continue - 分數: 0.901 - 閾值: 1.000
2025-04-12 10:01:01 [INFO] 檢查三星...
2025-04-12 10:01:01 [INFO] 檢測圖片 stars - 分數: 0.939 - 閾值: 0.990
2025-04-12 10:01:02 [INFO] 檢測圖片 stars2 - 分數: 0.942 - 閾值: 0.990
2025-04-12 10:01:03 [INFO] 檢測圖片 stars3 - 分數: 0.936 - 閾值: 0.994
2025-04-12 10:01:03 [INFO] 檢測圖片 stars4 - 分數: 0.932 - 閾值: 0.994
2025-04-12 10:01:03 [INFO] 檢查滿星...
2025-04-12 10:01:04 [INFO] 檢測圖片 full_of_stars - 分數: 0.949 - 閾值: 0.995
2025-04-12 10:01:04 [INFO] 第1次未找到滿星，繼續嘗試...
2025-04-12 10:01:05 [INFO] 檢測圖片 full_of_stars - 分數: 0.950 - 閾值: 0.995
2025-04-12 10:01:05 [INFO] 第2次未找到滿星，繼續嘗試...
2025-04-12 10:01:06 [INFO] 檢測圖片 full_of_stars - 分數: 0.949 - 閾值: 0.995
2025-04-12 10:01:06 [INFO] 連續3次未找到滿星，退出查找
2025-04-12 10:01:06 [INFO] 尋找圖片...
2025-04-12 10:01:07 [INFO] 檢測圖片 forward - 分數: 0.979 - 閾值: 1.000
2025-04-12 10:01:07 [INFO] 檢測圖片 pause - 分數: 0.832 - 閾值: 0.900
2025-04-12 10:01:08 [INFO] 檢查三星...
2025-04-12 10:01:09 [INFO] 檢測圖片 stars - 分數: 0.899 - 閾值: 0.990
2025-04-12 10:01:09 [INFO] 檢測圖片 stars2 - 分數: 0.909 - 閾值: 0.990
2025-04-12 10:01:10 [INFO] 檢測圖片 stars3 - 分數: 0.908 - 閾值: 0.994
2025-04-12 10:01:11 [INFO] 檢測圖片 stars4 - 分數: 0.920 - 閾值: 0.994
2025-04-12 10:01:11 [INFO] 檢查滿星...
2025-04-12 10:01:11 [INFO] 檢測圖片 full_of_stars - 分數: 0.959 - 閾值: 0.995
2025-04-12 10:01:11 [INFO] 第1次未找到滿星，繼續嘗試...
2025-04-12 10:01:12 [INFO] 檢測圖片 full_of_stars - 分數: 0.959 - 閾值: 0.995
2025-04-12 10:01:12 [INFO] 第2次未找到滿星，繼續嘗試...
2025-04-12 10:01:13 [INFO] 檢測圖片 full_of_stars - 分數: 0.959 - 閾值: 0.995
2025-04-12 10:01:13 [INFO] 連續3次未找到滿星，退出查找
2025-04-12 10:01:13 [INFO] 尋找圖片...
2025-04-12 10:01:14 [INFO] 檢測圖片 forward - 分數: 0.981 - 閾值: 1.000
2025-04-12 10:01:15 [INFO] 檢測圖片 pause - 分數: 0.823 - 閾值: 0.900
2025-04-12 10:01:15 [INFO] 檢查三星...
2025-04-12 10:01:16 [INFO] 檢測圖片 stars - 分數: 0.929 - 閾值: 0.990
2025-04-12 10:01:17 [INFO] 檢測圖片 stars3 - 分數: 0.939 - 閾值: 0.994
2025-04-12 10:01:18 [INFO] 檢測圖片 stars4 - 分數: 0.918 - 閾值: 0.994
2025-04-12 10:01:18 [INFO] 檢查滿星...
