2025-04-12 10:30:04 [INFO] 遊戲啟動
2025-04-12 10:30:04 [INFO] 成功載入配置文件
2025-04-12 10:30:04 [INFO] 開始執行自動化程序...
2025-04-12 10:30:04 [INFO] 檢測圖片 MyCAREER - 分數: 0.939 - 閾值: 1.000
2025-04-12 10:30:05 [INFO] 檢測圖片 MyTEAM - 分數: 0.950 - 閾值: 1.000
2025-04-12 10:30:05 [INFO] 檢測圖片 daily_reward - 分數: 0.905 - 閾值: 1.000
2025-04-12 10:30:06 [INFO] 檢測圖片 new_content - 分數: 0.924 - 閾值: 1.000
2025-04-12 10:30:07 [INFO] 檢測圖片 domination_btn - 分數: 1.000 - 閾值: 1.000
2025-04-12 10:30:07 [INFO] 檢測到稱霸賽按鈕
2025-04-12 10:30:07 [INFO] 檢查滿星...
2025-04-12 10:30:08 [INFO] 檢測圖片 full_of_stars - 分數: 1.000 - 閾值: 0.995
2025-04-12 10:30:08 [INFO] 找到滿星！按D鍵切換
2025-04-12 10:30:09 [INFO] 檢測圖片 full_of_stars - 分數: 0.997 - 閾值: 0.995
2025-04-12 10:30:09 [INFO] 找到滿星！按D鍵切換
2025-04-12 10:30:10 [INFO] 檢測圖片 full_of_stars - 分數: 0.991 - 閾值: 0.995
2025-04-12 10:30:10 [INFO] 第1次未找到滿星，繼續搜索...
2025-04-12 10:30:10 [INFO] 檢測圖片 full_of_stars - 分數: 0.991 - 閾值: 0.995
2025-04-12 10:30:10 [INFO] 第2次未找到滿星，繼續搜索...
2025-04-12 10:30:11 [INFO] 檢測圖片 full_of_stars - 分數: 0.991 - 閾值: 0.995
2025-04-12 10:30:11 [INFO] 完成所有滿星處理
2025-04-12 10:30:11 [INFO] 檢測圖片 select - 分數: 1.000 - 閾值: 0.993
2025-04-12 10:30:12 [INFO] 檢測到選擇按鈕
2025-04-12 10:30:12 [INFO] === 開始三星搜尋 ===
2025-04-12 10:30:12 [INFO] 
第 1 次搜尋開始...
2025-04-12 10:30:12 [INFO] 按左鍵
2025-04-12 10:30:13 [INFO] 檢查三星...
2025-04-12 10:30:13 [INFO] 檢測圖片 stars - 分數: 0.936 - 閾值: 0.990
2025-04-12 10:30:14 [INFO] 檢測圖片 stars2 - 分數: 0.955 - 閾值: 0.990
2025-04-12 10:30:14 [INFO] 
使用者中止程式
2025-04-12 10:30:14 [INFO] 程式結束
